This is pdfTeX, Version 3.141592653-2.6-1.40.25 (TeX Live 2023) (preloaded format=latex 2023.5.12)  9 JUN 2023 01:09
entering extended mode
 restricted \write18 enabled.
 %&-line parsing enabled.
**Auxiliar10.tex
(./Auxiliar10.tex
LaTeX2e <2022-11-01> patch level 1
L3 programming layer <2023-02-22> (./fcfmcourse.cls
Document Class: fcfmcourse 2016/16/02 Beta 0.5 LaTeX Class for standardization 
of teaching assistant classes in the Faculty of Physical and Mathematical Scien
ces, University of Chile
(/usr/local/texlive/2023/texmf-dist/tex/latex/base/article.cls
Document Class: article 2022/07/02 v1.4n Standard LaTeX document class
(/usr/local/texlive/2023/texmf-dist/tex/latex/base/size11.clo
File: size11.clo 2022/07/02 v1.4n Standard LaTeX file (size option)
)
\c@part=\count185
\c@section=\count186
\c@subsection=\count187
\c@subsubsection=\count188
\c@paragraph=\count189
\c@subparagraph=\count190
\c@figure=\count191
\c@table=\count192
\abovecaptionskip=\skip48
\belowcaptionskip=\skip49
\bibindent=\dimen140
)
(/usr/local/texlive/2023/texmf-dist/tex/latex/fancyhdr/fancyhdr.sty
Package: fancyhdr 2022/11/09 v4.1 Extensive control of page headers and footers

\f@nch@headwidth=\skip50
\f@nch@O@elh=\skip51
\f@nch@O@erh=\skip52
\f@nch@O@olh=\skip53
\f@nch@O@orh=\skip54
\f@nch@O@elf=\skip55
\f@nch@O@erf=\skip56
\f@nch@O@olf=\skip57
\f@nch@O@orf=\skip58
)
(/usr/local/texlive/2023/texmf-dist/tex/latex/graphics/graphicx.sty
Package: graphicx 2021/09/16 v1.2d Enhanced LaTeX Graphics (DPC,SPQR)

(/usr/local/texlive/2023/texmf-dist/tex/latex/graphics/keyval.sty
Package: keyval 2022/05/29 v1.15 key=value parser (DPC)
\KV@toks@=\toks16
)
(/usr/local/texlive/2023/texmf-dist/tex/latex/graphics/graphics.sty
Package: graphics 2022/03/10 v1.4e Standard LaTeX Graphics (DPC,SPQR)

(/usr/local/texlive/2023/texmf-dist/tex/latex/graphics/trig.sty
Package: trig 2021/08/11 v1.11 sin cos tan (DPC)
)
(/usr/local/texlive/2023/texmf-dist/tex/latex/graphics-cfg/graphics.cfg
File: graphics.cfg 2016/06/04 v1.11 sample graphics configuration
)
Package graphics Info: Driver file: dvips.def on input line 107.

(/usr/local/texlive/2023/texmf-dist/tex/latex/graphics-def/dvips.def
File: dvips.def 2022/09/22 v3.1e Graphics/color driver for dvips
))
\Gin@req@height=\dimen141
\Gin@req@width=\dimen142
)
(/usr/local/texlive/2023/texmf-dist/tex/latex/tools/enumerate.sty
Package: enumerate 2015/07/23 v3.00 enumerate extensions (DPC)
\@enLab=\toks17
)
(/usr/local/texlive/2023/texmf-dist/tex/latex/geometry/geometry.sty
Package: geometry 2020/01/02 v5.9 Page Geometry

(/usr/local/texlive/2023/texmf-dist/tex/generic/iftex/ifvtex.sty
Package: ifvtex 2019/10/25 v1.7 ifvtex legacy package. Use iftex instead.

(/usr/local/texlive/2023/texmf-dist/tex/generic/iftex/iftex.sty
Package: iftex 2022/02/03 v1.0f TeX engine tests
))
\Gm@cnth=\count193
\Gm@cntv=\count194
\c@Gm@tempcnt=\count195
\Gm@bindingoffset=\dimen143
\Gm@wd@mp=\dimen144
\Gm@odd@mp=\dimen145
\Gm@even@mp=\dimen146
\Gm@layoutwidth=\dimen147
\Gm@layoutheight=\dimen148
\Gm@layouthoffset=\dimen149
\Gm@layoutvoffset=\dimen150
\Gm@dimlist=\toks18
)
(/usr/local/texlive/2023/texmf-dist/tex/latex/base/ifthen.sty
Package: ifthen 2022/04/13 v1.1d Standard LaTeX ifthen package (DPC)
)
(/usr/local/texlive/2023/texmf-dist/tex/latex/forloop/forloop.sty
Package: forloop 2006/09/18 v3.0 For Loops for LaTeX
)
(/usr/local/texlive/2023/texmf-dist/tex/latex/l3packages/xparse/xparse.sty
(/usr/local/texlive/2023/texmf-dist/tex/latex/l3kernel/expl3.sty
Package: expl3 2023-02-22 L3 programming layer (loader) 

(/usr/local/texlive/2023/texmf-dist/tex/latex/l3backend/l3backend-dvips.def
File: l3backend-dvips.def 2023-01-16 L3 backend support: dvips
\l__pdf_internal_box=\box51
\g__pdf_backend_object_int=\count196
\l__pdf_backend_content_box=\box52
\l__pdf_backend_model_box=\box53
\g__pdf_backend_annotation_int=\count197
\g__pdf_backend_link_int=\count198
\g__pdf_backend_link_sf_int=\count199
))
Package: xparse 2023-02-02 L3 Experimental document command parser
)
(/usr/local/texlive/2023/texmf-dist/tex/latex/environ/environ.sty
Package: environ 2014/05/04 v0.3 A new way to define environments

(/usr/local/texlive/2023/texmf-dist/tex/latex/trimspaces/trimspaces.sty
Package: trimspaces 2009/09/17 v1.1 Trim spaces around a token list
)
\@envbody=\toks19
)
\FP@margin=\skip59
\c@professorCnt=\count266
\c@assistantCnt=\count267
\c@cnt=\count268
)
(./teoria.sty
Package: teoria 2015/03/25 Beta 0.1 Paquete para auxiliares de teoria
 (/usr/local/texlive/2023/texmf-dist/tex/latex/amsmath/amsmath.sty
Package: amsmath 2022/04/08 v2.17n AMS math features
\@mathmargin=\skip60
For additional information on amsmath, use the `?' option.
(/usr/local/texlive/2023/texmf-dist/tex/latex/amsmath/amstext.sty
Package: amstext 2021/08/26 v2.01 AMS text

(/usr/local/texlive/2023/texmf-dist/tex/latex/amsmath/amsgen.sty
File: amsgen.sty 1999/11/30 v2.0 generic functions
\@emptytoks=\toks20
\ex@=\dimen151
))
(/usr/local/texlive/2023/texmf-dist/tex/latex/amsmath/amsbsy.sty
Package: amsbsy 1999/11/29 v1.2d Bold Symbols
\pmbraise@=\dimen152
)
(/usr/local/texlive/2023/texmf-dist/tex/latex/amsmath/amsopn.sty
Package: amsopn 2022/04/08 v2.04 operator names
)
\inf@bad=\count269
LaTeX Info: Redefining \frac on input line 234.
\uproot@=\count270
\leftroot@=\count271
LaTeX Info: Redefining \overline on input line 399.
LaTeX Info: Redefining \colon on input line 410.
\classnum@=\count272
\DOTSCASE@=\count273
LaTeX Info: Redefining \ldots on input line 496.
LaTeX Info: Redefining \dots on input line 499.
LaTeX Info: Redefining \cdots on input line 620.
\Mathstrutbox@=\box54
\strutbox@=\box55
LaTeX Info: Redefining \big on input line 722.
LaTeX Info: Redefining \Big on input line 723.
LaTeX Info: Redefining \bigg on input line 724.
LaTeX Info: Redefining \Bigg on input line 725.
\big@size=\dimen153
LaTeX Font Info:    Redeclaring font encoding OML on input line 743.
LaTeX Font Info:    Redeclaring font encoding OMS on input line 744.
\macc@depth=\count274
LaTeX Info: Redefining \bmod on input line 905.
LaTeX Info: Redefining \pmod on input line 910.
LaTeX Info: Redefining \smash on input line 940.
LaTeX Info: Redefining \relbar on input line 970.
LaTeX Info: Redefining \Relbar on input line 971.
\c@MaxMatrixCols=\count275
\dotsspace@=\muskip16
\c@parentequation=\count276
\dspbrk@lvl=\count277
\tag@help=\toks21
\row@=\count278
\column@=\count279
\maxfields@=\count280
\andhelp@=\toks22
\eqnshift@=\dimen154
\alignsep@=\dimen155
\tagshift@=\dimen156
\tagwidth@=\dimen157
\totwidth@=\dimen158
\lineht@=\dimen159
\@envbody=\toks23
\multlinegap=\skip61
\multlinetaggap=\skip62
\mathdisplay@stack=\toks24
LaTeX Info: Redefining \[ on input line 2953.
LaTeX Info: Redefining \] on input line 2954.
)
(/usr/local/texlive/2023/texmf-dist/tex/latex/amsfonts/amsfonts.sty
Package: amsfonts 2013/01/14 v3.01 Basic AMSFonts support
\symAMSa=\mathgroup4
\symAMSb=\mathgroup5
LaTeX Font Info:    Redeclaring math symbol \hbar on input line 98.
LaTeX Font Info:    Overwriting math alphabet `\mathfrak' in version `bold'
(Font)                  U/euf/m/n --> U/euf/b/n on input line 106.
)
(/usr/local/texlive/2023/texmf-dist/tex/latex/amsfonts/amssymb.sty
Package: amssymb 2013/01/14 v3.01 AMS font symbols
)
(/usr/local/texlive/2023/texmf-dist/tex/generic/vaucanson-g/vaucanson-g.sty
Package: vaucanson-g 2008/10/27 package wrapper for VauCanSon-G v. 0.4

(/usr/local/texlive/2023/texmf-dist/tex/latex/xcolor/xcolor.sty
Package: xcolor 2022/06/12 v2.14 LaTeX color extensions (UK)

(/usr/local/texlive/2023/texmf-dist/tex/latex/graphics-cfg/color.cfg
File: color.cfg 2016/01/02 v1.6 sample color configuration
)
Package xcolor Info: Package option `pst' ignored on input line 218.
Package xcolor Info: Driver file: dvips.def on input line 227.

(/usr/local/texlive/2023/texmf-dist/tex/latex/graphics/mathcolor.ltx)
Package xcolor Info: Model `cmy' substituted by `cmy0' on input line 1353.
Package xcolor Info: Model `RGB' extended on input line 1369.
Package xcolor Info: Model `HTML' substituted by `rgb' on input line 1371.
Package xcolor Info: Model `Hsb' substituted by `hsb' on input line 1372.
Package xcolor Info: Model `tHsb' substituted by `hsb' on input line 1373.
Package xcolor Info: Model `HSB' substituted by `hsb' on input line 1374.
Package xcolor Info: Model `Gray' substituted by `gray' on input line 1375.
Package xcolor Info: Model `wave' substituted by `hsb' on input line 1376.
)
(/usr/local/texlive/2023/texmf-dist/tex/generic/vaucanson-g/VCColor-names.def)
(/usr/local/texlive/2023/texmf-dist/tex/latex/pstricks/pstricks.sty
Package: pstricks 2022/19/23 v0.72 LaTeX wrapper for `PSTricks' (RN,HV)

(/usr/local/texlive/2023/texmf-dist/tex/generic/xkeyval/pst-xkey.tex
File: pst-xkey.tex 2005/11/25 v1.6 PSTricks specialization of xkeyval (HA)

(/usr/local/texlive/2023/texmf-dist/tex/latex/xkeyval/xkeyval.sty
Package: xkeyval 2022/06/16 v2.9 package option processing (HA)

(/usr/local/texlive/2023/texmf-dist/tex/generic/xkeyval/xkeyval.tex
(/usr/local/texlive/2023/texmf-dist/tex/generic/xkeyval/xkvutils.tex
\XKV@toks=\toks25
\XKV@tempa@toks=\toks26
)
\XKV@depth=\count281
File: xkeyval.tex 2014/12/03 v2.7a key=value parser (HA)
)))
(/usr/local/texlive/2023/texmf-dist/tex/generic/pstricks/pstricks.tex
(/usr/local/texlive/2023/texmf-dist/tex/generic/pstricks/pst-fp.tex
`pst-fp' v0.06, 2020/11/20 (hv)
\pstFP@xs=\count282
\pstFP@xia=\count283
\pstFP@xib=\count284
\pstFP@xfa=\count285
\pstFP@xfb=\count286
\pstFP@rega=\count287
\pstFP@regb=\count288
\pstFP@regs=\count289
\pstFP@times=\count290
)
(/usr/local/texlive/2023/texmf-dist/tex/latex/pgf/utilities/pgffor.sty
(/usr/local/texlive/2023/texmf-dist/tex/latex/pgf/utilities/pgfrcs.sty
(/usr/local/texlive/2023/texmf-dist/tex/generic/pgf/utilities/pgfutil-common.te
x
\pgfutil@everybye=\toks27
\pgfutil@tempdima=\dimen160
\pgfutil@tempdimb=\dimen161
)
(/usr/local/texlive/2023/texmf-dist/tex/generic/pgf/utilities/pgfutil-latex.def
\pgfutil@abb=\box56
) (/usr/local/texlive/2023/texmf-dist/tex/generic/pgf/utilities/pgfrcs.code.tex
(/usr/local/texlive/2023/texmf-dist/tex/generic/pgf/pgf.revision.tex)
Package: pgfrcs 2023-01-15 v3.1.10 (3.1.10)
))
(/usr/local/texlive/2023/texmf-dist/tex/latex/pgf/utilities/pgfkeys.sty
(/usr/local/texlive/2023/texmf-dist/tex/generic/pgf/utilities/pgfkeys.code.tex
\pgfkeys@pathtoks=\toks28
\pgfkeys@temptoks=\toks29

(/usr/local/texlive/2023/texmf-dist/tex/generic/pgf/utilities/pgfkeyslibraryfil
tered.code.tex
\pgfkeys@tmptoks=\toks30
)))
(/usr/local/texlive/2023/texmf-dist/tex/latex/pgf/math/pgfmath.sty
(/usr/local/texlive/2023/texmf-dist/tex/generic/pgf/math/pgfmath.code.tex
(/usr/local/texlive/2023/texmf-dist/tex/generic/pgf/math/pgfmathutil.code.tex
\pgf@x=\dimen162
\pgf@xa=\dimen163
\pgf@xb=\dimen164
\pgf@xc=\dimen165
\pgf@y=\dimen166
\pgf@ya=\dimen167
\pgf@yb=\dimen168
\pgf@yc=\dimen169
\c@pgf@counta=\count291
\c@pgf@countb=\count292
\c@pgf@countc=\count293
\c@pgf@countd=\count294
)
(/usr/local/texlive/2023/texmf-dist/tex/generic/pgf/math/pgfmathparser.code.tex
\pgfmath@dimen=\dimen170
\pgfmath@count=\count295
\pgfmath@box=\box57
\pgfmath@toks=\toks31
\pgfmath@stack@operand=\toks32
\pgfmath@stack@operation=\toks33
)
(/usr/local/texlive/2023/texmf-dist/tex/generic/pgf/math/pgfmathfunctions.code.
tex)
(/usr/local/texlive/2023/texmf-dist/tex/generic/pgf/math/pgfmathfunctions.basic
.code.tex)
(/usr/local/texlive/2023/texmf-dist/tex/generic/pgf/math/pgfmathfunctions.trigo
nometric.code.tex)
(/usr/local/texlive/2023/texmf-dist/tex/generic/pgf/math/pgfmathfunctions.rando
m.code.tex)
(/usr/local/texlive/2023/texmf-dist/tex/generic/pgf/math/pgfmathfunctions.compa
rison.code.tex)
(/usr/local/texlive/2023/texmf-dist/tex/generic/pgf/math/pgfmathfunctions.base.
code.tex)
(/usr/local/texlive/2023/texmf-dist/tex/generic/pgf/math/pgfmathfunctions.round
.code.tex)
(/usr/local/texlive/2023/texmf-dist/tex/generic/pgf/math/pgfmathfunctions.misc.
code.tex)
(/usr/local/texlive/2023/texmf-dist/tex/generic/pgf/math/pgfmathfunctions.integ
erarithmetics.code.tex)
(/usr/local/texlive/2023/texmf-dist/tex/generic/pgf/math/pgfmathcalc.code.tex)
(/usr/local/texlive/2023/texmf-dist/tex/generic/pgf/math/pgfmathfloat.code.tex
\c@pgfmathroundto@lastzeros=\count296
)))
(/usr/local/texlive/2023/texmf-dist/tex/generic/pgf/utilities/pgffor.code.tex
Package: pgffor 2023-01-15 v3.1.10 (3.1.10)
\pgffor@iter=\dimen171
\pgffor@skip=\dimen172
\pgffor@stack=\toks34
\pgffor@toks=\toks35
))
\psLoopIndex=\count297
`PSTricks' v3.18  <2022/11/28> (tvz,hv)
\pst@dima=\dimen173
\pst@dimb=\dimen174
\pst@dimc=\dimen175
\pst@dimd=\dimen176
\pst@dimg=\dimen177
\pst@dimh=\dimen178
\pst@dimm=\dimen179
\pst@dimn=\dimen180
\pst@dimo=\dimen181
\pst@dimp=\dimen182
\pst@hbox=\box58
\pst@ibox=\box59
\pst@boxg=\box60
\pst@cnta=\count298
\pst@cntb=\count299
\pst@cntc=\count300
\pst@cntd=\count301
\pst@cntg=\count302
\pst@cnth=\count303
\pst@cntm=\count304
\pst@cntn=\count305
\pst@cnto=\count306
\pst@cntp=\count307
\@zero=\count308
\pst@toks=\toks36
--- We are running latex or xelatex ---
(/usr/local/texlive/2023/texmf-dist/tex/generic/pstricks/pstricks.con)
(/usr/local/texlive/2023/texmf-dist/tex/generic/pstricks/pstricks-color.tex)
\psunit=\dimen183
\psxunit=\dimen184
\psyunit=\dimen185
\pst@C@@rType=\count309
\pslinewidth=\dimen186
\psk@startLW=\dimen187
\psk@endLW=\dimen188

(/usr/local/texlive/2023/texmf-dist/tex/generic/pstricks/pstricks-arrows.tex
\pshooklength=\dimen189
\pshookwidth=\dimen190
)
\pst@customdefs=\toks37

(/usr/local/texlive/2023/texmf-dist/tex/generic/pstricks/pstricks-dots.tex)
\pslinearc=\dimen191
\pst@symbolStep=\dimen192
\pst@symbolWidth=\dimen193
\pst@symbolLinewidth=\dimen194
\everypsbox=\toks38
\psframesep=\dimen195
\pslabelsep=\dimen196
\sh@wgridXunit=\dimen197
\sh@wgridYunit=\dimen198
\pst@shift=\dimen199
\ps@imagectr=\count310

(/usr/local/texlive/2023/texmf-dist/tex/generic/pstricks/pstricks.con))
File: pstricks.tex 2022/11/28 v3.18 `PSTricks' (tvz,hv)

(/usr/local/texlive/2023/texmf-dist/tex/generic/pstricks/pst-fp.tex
`pst-fp' v0.06, 2020/11/20 (hv))
File: pst-fp.tex 2020/11/20 v0.06 `PST-fp' (hv)
)
(/usr/local/texlive/2023/texmf-dist/tex/latex/pst-node/pst-node.sty
Package: pst-node 2012/09/18 v1.01 LaTeX wrapper for `pst-node' (HV)
Package: pst-node 2010/04/22 package wrapper for pst-node.tex

(/usr/local/texlive/2023/texmf-dist/tex/generic/pst-node/pst-node.tex
 v1.43, 2022/01/31
\psrow=\count311
\pscol=\count312
\psmatrixcnt=\count313
\psrowsep=\skip63
\pscolsep=\skip64
\pst@args=\count314
\num@pts=\count315
\pst@argcnt=\count316
)
File: pst-node.tex 2022/01/31 1.43 `pst-node' (tvz,hv)
)
(/usr/local/texlive/2023/texmf-dist/tex/latex/pst-plot/pst-plot.sty
Package: pst-plot 2011/06/05 v1.00 LaTeX wrapper for `pst-plot' (HV)

(/usr/local/texlive/2023/texmf-dist/tex/latex/xkeyval/pst-xkey.sty
Package: pst-xkey 2005/11/25 v1.6 package wrapper for pst-xkey.tex (HA)
)
(/usr/local/texlive/2023/texmf-dist/tex/latex/multido/multido.sty
Package: multido 2004/05/17 package wrapper for PSTricks `multido.tex', (HV/RN)


(/usr/local/texlive/2023/texmf-dist/tex/generic/multido/multido.tex
 v1.42, 2010/05/14 <tvz>
\multido@count=\count317
\multidocount=\count318
\multido@stuff=\toks39
)
File: multido.tex 2010/05/14 v1.42 `multido' (tvz,hv)
)
Package: pst-plot 2021/09/23 package wrapper for pst-plot.tex (hv)

(/usr/local/texlive/2023/texmf-dist/tex/generic/pst-plot/pst-plot.tex
(/usr/local/texlive/2023/texmf-dist/tex/generic/pst-tools/pst-tools.tex
`PST-tools' v0.12, 2021/09/23 (hv)
\randomi=\count319
\ranval=\count320
)
(/usr/local/texlive/2023/texmf-dist/tex/generic/pstricks-add/pstricks-add.tex
(/usr/local/texlive/2023/texmf-dist/tex/generic/pst-arrow/pst-arrow.tex
`pst-arrow' v0.05, 2021/11/16 (dr,hv))
(/usr/local/texlive/2023/texmf-dist/tex/generic/pst-3d/pst-3d.tex
`PST-3d' v1.11, 2010/02/14 (tvz))
(/usr/local/texlive/2023/texmf-dist/tex/generic/pst-math/pst-math.tex
`pst-math' v0.66 , (CJ,hv)) `pstricks-add' v3.93, 2022/11/21 (dr,hv)
\psparallelogramsep=\dimen256
\pst@cntC=\count321
\pst@stepcount=\count322
\chart@ColorIndex=\dimen257
\chart@ColorStep=\dimen258
\pst@chartHeight=\dimen259
\pst@chartStackDepth=\dimen260
\pst@chartStackWidth=\dimen261
\chart@Toggle=\count323
\psVectorCtr=\count324
)
 v1.94, 2022/11/21 (tvz,hv)
\pstRadUnit=\dimen262
\pstRadUnitInv=\dimen263
\pst@linecnt=\count325
\RCD@file=\read2
\psxlabelsep=\dimen264
\psylabelsep=\dimen265
\psk@subticksize=\dimen266
\pst@xticksizeA=\dimen267
\pst@xticksizeB=\dimen268
\pst@xticksizeC=\dimen269
\pst@yticksizeA=\dimen270
\pst@yticksizeB=\dimen271
\pst@yticksizeC=\dimen272
\@digitcounter=\count326
\psk@llx=\dimen273
\psk@lly=\dimen274
\psk@urx=\dimen275
\psk@ury=\dimen276
\pst@xunit=\dimen277
\pst@yunit=\dimen278
)
File: pst-plot.tex 2022/11/21 1.94 `pst-plot' (tvz,hv)
)
(/usr/local/texlive/2023/texmf-dist/tex/latex/pst-coil/pst-coil.sty
Package: pst-coil 2010/02/01 package wrapper for pst-coil.tex (hv)

(/usr/local/texlive/2023/texmf-dist/tex/generic/pst-coil/pst-coil.tex
 v1.94, 2022/11/21
(/usr/local/texlive/2023/texmf-dist/tex/generic/pst-node/pst-node.tex))
File: pst-coil.tex 2015/05/13 v1.07 `PST-coil' (tvz,hv)
)
(/usr/local/texlive/2023/texmf-dist/tex/latex/pst-3d/pst-3d.sty
Package: pst-3d 2009/07/28 package wrapper for pst-3d.tex (hv)

(/usr/local/texlive/2023/texmf-dist/tex/generic/pst-3d/pst-3d.tex)
File: pst-3d.tex 2015/05/13 v1.07 `PST-3d' (hv)
)
(/usr/local/texlive/2023/texmf-dist/tex/latex/tools/calc.sty
Package: calc 2017/05/25 v4.3 Infix arithmetic (KKT,FJ)
\calc@Acount=\count327
\calc@Bcount=\count328
\calc@Adimen=\dimen279
\calc@Bdimen=\dimen280
\calc@Askip=\skip65
\calc@Bskip=\skip66
LaTeX Info: Redefining \setlength on input line 80.
LaTeX Info: Redefining \addtolength on input line 81.
\calc@Ccount=\count329
\calc@Cskip=\skip67
)
(/usr/local/texlive/2023/texmf-dist/tex/generic/vaucanson-g/Vaucanson-G.tex
\MediumStateDiameter=\skip68
\SmallStateDiameter=\skip69
\LargeStateDiameter=\skip70
\VerySmallStateDiameter=\skip71
\StateLineWidth=\skip72
\EdgeLineWidth=\skip73
\EdgeArrowWidth=\skip74
\EdgeDblArrowWidth=\skip75
\ZZSize=\skip76
\EdgeOffset=\skip77
\EdgeNodeSep=\skip78
\VaucArcOffset=\skip79
\LoopOffset=\skip80
\LoopVarOffset=\skip81
\TransLabelSep=\skip82
\VertShiftH=\skip83
LaTeX Font Info:    Trying to load font information for U+msa on input line 206
.

(/usr/local/texlive/2023/texmf-dist/tex/latex/amsfonts/umsa.fd
File: umsa.fd 2013/01/14 v3.01 AMS symbols A
)
LaTeX Font Info:    Trying to load font information for U+msb on input line 206
.

(/usr/local/texlive/2023/texmf-dist/tex/latex/amsfonts/umsb.fd
File: umsb.fd 2013/01/14 v3.01 AMS symbols B
)
\VertShiftD=\skip84
\VertShift=\skip85
\StateLineWid=\skip86
\StateDiam=\skip87
\VaucAOS=\skip88
\VaucAOSdiag=\skip89
\VariableStateIntDiam=\skip90
\VariableStateWidth=\skip91
\VariableStateITPos=\skip92
\ExtraSpace=\skip93
\EdgeLineWid=\skip94
\EdgeArrowSZDim=\skip95
\EdgeLineBord=\skip96
\ZZSiZ=\skip97
\EdgeOff=\skip98
\VaucArcOff=\skip99
\LoopOff=\skip100
\LoopVarOff=\skip101
\EdgeNodeSP=\skip102
\TransLabelSP=\skip103
\c@anglea=\count330
\c@angleb=\count331
)
\VaucMinHeight=\skip104
\VaucMaxHeight=\skip105

(/usr/local/texlive/2023/texmf-dist/tex/generic/vaucanson-g/VCPref-default.tex)
)) (/usr/local/texlive/2023/texmf-dist/tex/latex/listings/listings.sty
\lst@mode=\count332
\lst@gtempboxa=\box61
\lst@token=\toks40
\lst@length=\count333
\lst@currlwidth=\dimen281
\lst@column=\count334
\lst@pos=\count335
\lst@lostspace=\dimen282
\lst@width=\dimen283
\lst@newlines=\count336
\lst@lineno=\count337
\lst@maxwidth=\dimen284

(/usr/local/texlive/2023/texmf-dist/tex/latex/listings/lstmisc.sty
File: lstmisc.sty 2023/02/27 1.9 (Carsten Heinz)
\c@lstnumber=\count338
\lst@skipnumbers=\count339
\lst@framebox=\box62
)
(/usr/local/texlive/2023/texmf-dist/tex/latex/listings/listings.cfg
File: listings.cfg 2023/02/27 1.9 listings configuration
))
Package: listings 2023/02/27 1.9 (Carsten Heinz)

(/usr/local/texlive/2023/texmf-dist/tex/latex/tools/longtable.sty
Package: longtable 2021-09-01 v4.17 Multi-page Table package (DPC)
\LTleft=\skip106
\LTright=\skip107
\LTpre=\skip108
\LTpost=\skip109
\LTchunksize=\count340
\LTcapwidth=\dimen285
\LT@head=\box63
\LT@firsthead=\box64
\LT@foot=\box65
\LT@lastfoot=\box66
\LT@gbox=\box67
\LT@cols=\count341
\LT@rows=\count342
\c@LT@tables=\count343
\c@LT@chunks=\count344
\LT@p@ftn=\toks41
)
(/usr/local/texlive/2023/texmf-dist/tex/latex/base/inputenc.sty
Package: inputenc 2021/02/14 v1.3d Input encoding file
\inpenc@prehook=\toks42
\inpenc@posthook=\toks43
)
(./Auxiliar10.aux)
\openout1 = `Auxiliar10.aux'.

LaTeX Font Info:    Checking defaults for OML/cmm/m/it on input line 46.
LaTeX Font Info:    ... okay on input line 46.
LaTeX Font Info:    Checking defaults for OMS/cmsy/m/n on input line 46.
LaTeX Font Info:    ... okay on input line 46.
LaTeX Font Info:    Checking defaults for OT1/cmr/m/n on input line 46.
LaTeX Font Info:    ... okay on input line 46.
LaTeX Font Info:    Checking defaults for T1/cmr/m/n on input line 46.
LaTeX Font Info:    ... okay on input line 46.
LaTeX Font Info:    Checking defaults for TS1/cmr/m/n on input line 46.
LaTeX Font Info:    ... okay on input line 46.
LaTeX Font Info:    Checking defaults for OMX/cmex/m/n on input line 46.
LaTeX Font Info:    ... okay on input line 46.
LaTeX Font Info:    Checking defaults for U/cmr/m/n on input line 46.
LaTeX Font Info:    ... okay on input line 46.

*geometry* driver: auto-detecting
*geometry* detected driver: dvips
*geometry* verbose mode - [ preamble ] result:
* driver: dvips
* paper: letterpaper
* layout: <same size as paper>
* layoutoffset:(h,v)=(0.0pt,0.0pt)
* modes: 
* h-part:(L,W,R)=(92.14519pt, 430.00462pt, 92.14519pt)
* v-part:(T,H,B)=(95.39737pt, 556.47656pt, 143.09605pt)
* \paperwidth=614.295pt
* \paperheight=794.96999pt
* \textwidth=469.75502pt
* \textheight=556.47656pt
* \oddsidemargin=0.0pt
* \evensidemargin=0.0pt
* \topmargin=-13.87262pt
* \headheight=49.27512pt
* \headsep=25.0pt
* \topskip=11.0pt
* \footskip=30.0pt
* \marginparwidth=59.0pt
* \marginparsep=10.0pt
* \columnsep=10.0pt
* \skip\footins=10.0pt plus 4.0pt minus 2.0pt
* \hoffset=0.0pt
* \voffset=0.0pt
* \mag=1000
* \@twocolumnfalse
* \@twosidefalse
* \@mparswitchfalse
* \@reversemarginfalse
* (1in=72.27pt=25.4mm, 1cm=28.453pt)

\c@lstlisting=\count345
File: logos/fcfm_dcc.eps Graphic file (type eps)
<logos/fcfm_dcc.eps>

Package fancyhdr Warning: \headheight is too small (49.27512pt): 
(fancyhdr)                Make it at least 52.0091pt, for example:
(fancyhdr)                \setlength{\headheight}{52.0091pt}.
(fancyhdr)                You might also make \topmargin smaller to compensate:

(fancyhdr)                \addtolength{\topmargin}{-2.73398pt}.

[1

] (./Auxiliar10.aux) ) 
Here is how much of TeX's memory you used:
 15207 strings out of 476026
 266243 string characters out of 5790043
 1858385 words of memory out of 5000000
 35403 multiletter control sequences out of 15000+600000
 522542 words of font info for 73 fonts, out of 8000000 for 9000
 1141 hyphenation exceptions out of 8191
 105i,13n,100p,593b,433s stack positions out of 10000i,1000n,20000p,200000b,200000s

Output written on Auxiliar10.dvi (1 page, 2912 bytes).
