This is pdfTeX, Version 3.141592653-2.6-1.40.24 (TeX Live 2022) (preloaded format=latex 2023.3.18)  4 MAY 2023 14:19
entering extended mode
 \write18 enabled.
 %&-line parsing enabled.
**Auxiliar7.tex
(./Auxiliar7.tex
LaTeX2e <2021-11-15> patch level 1
L3 programming layer <2022-02-24> (./fcfmcourse.cls
Document Class: fcfmcourse 2016/16/02 Beta 0.5 LaTeX Class for standardization 
of teaching assistant classes in the Faculty of Physical and Mathematical Scien
ces, University of Chile
(/usr/local/texlive/2022/texmf-dist/tex/latex/base/article.cls
Document Class: article 2021/10/04 v1.4n Standard LaTeX document class
(/usr/local/texlive/2022/texmf-dist/tex/latex/base/size11.clo
File: size11.clo 2021/10/04 v1.4n Standard LaTeX file (size option)
)
\c@part=\count185
\c@section=\count186
\c@subsection=\count187
\c@subsubsection=\count188
\c@paragraph=\count189
\c@subparagraph=\count190
\c@figure=\count191
\c@table=\count192
\abovecaptionskip=\skip47
\belowcaptionskip=\skip48
\bibindent=\dimen138
)
(/usr/local/texlive/2022/texmf-dist/tex/latex/fancyhdr/fancyhdr.sty
Package: fancyhdr 2021/01/28 v4.0.1 Extensive control of page headers and foote
rs
\f@nch@headwidth=\skip49
\f@nch@O@elh=\skip50
\f@nch@O@erh=\skip51
\f@nch@O@olh=\skip52
\f@nch@O@orh=\skip53
\f@nch@O@elf=\skip54
\f@nch@O@erf=\skip55
\f@nch@O@olf=\skip56
\f@nch@O@orf=\skip57
)
(/usr/local/texlive/2022/texmf-dist/tex/latex/graphics/graphicx.sty
Package: graphicx 2021/09/16 v1.2d Enhanced LaTeX Graphics (DPC,SPQR)

(/usr/local/texlive/2022/texmf-dist/tex/latex/graphics/keyval.sty
Package: keyval 2014/10/28 v1.15 key=value parser (DPC)
\KV@toks@=\toks16
)
(/usr/local/texlive/2022/texmf-dist/tex/latex/graphics/graphics.sty
Package: graphics 2021/03/04 v1.4d Standard LaTeX Graphics (DPC,SPQR)

(/usr/local/texlive/2022/texmf-dist/tex/latex/graphics/trig.sty
Package: trig 2021/08/11 v1.11 sin cos tan (DPC)
)
(/usr/local/texlive/2022/texmf-dist/tex/latex/graphics-cfg/graphics.cfg
File: graphics.cfg 2016/06/04 v1.11 sample graphics configuration
)
Package graphics Info: Driver file: dvips.def on input line 107.

(/usr/local/texlive/2022/texmf-dist/tex/latex/graphics-def/dvips.def
File: dvips.def 2017/06/20 v3.1d Graphics/color driver for dvips
))
\Gin@req@height=\dimen139
\Gin@req@width=\dimen140
)
(/usr/local/texlive/2022/texmf-dist/tex/latex/tools/enumerate.sty
Package: enumerate 2015/07/23 v3.00 enumerate extensions (DPC)
\@enLab=\toks17
)
(/usr/local/texlive/2022/texmf-dist/tex/latex/geometry/geometry.sty
Package: geometry 2020/01/02 v5.9 Page Geometry

(/usr/local/texlive/2022/texmf-dist/tex/generic/iftex/ifvtex.sty
Package: ifvtex 2019/10/25 v1.7 ifvtex legacy package. Use iftex instead.

(/usr/local/texlive/2022/texmf-dist/tex/generic/iftex/iftex.sty
Package: iftex 2022/02/03 v1.0f TeX engine tests
))
\Gm@cnth=\count193
\Gm@cntv=\count194
\c@Gm@tempcnt=\count195
\Gm@bindingoffset=\dimen141
\Gm@wd@mp=\dimen142
\Gm@odd@mp=\dimen143
\Gm@even@mp=\dimen144
\Gm@layoutwidth=\dimen145
\Gm@layoutheight=\dimen146
\Gm@layouthoffset=\dimen147
\Gm@layoutvoffset=\dimen148
\Gm@dimlist=\toks18
)
(/usr/local/texlive/2022/texmf-dist/tex/latex/base/ifthen.sty
Package: ifthen 2020/11/24 v1.1c Standard LaTeX ifthen package (DPC)
)
(/usr/local/texlive/2022/texmf-dist/tex/latex/forloop/forloop.sty
Package: forloop 2006/09/18 v3.0 For Loops for LaTeX
)
(/usr/local/texlive/2022/texmf-dist/tex/latex/l3packages/xparse/xparse.sty
(/usr/local/texlive/2022/texmf-dist/tex/latex/l3kernel/expl3.sty
Package: expl3 2022-02-24 L3 programming layer (loader) 

(/usr/local/texlive/2022/texmf-dist/tex/latex/l3backend/l3backend-dvips.def
File: l3backend-dvips.def 2022-02-07 L3 backend support: dvips
\l__pdf_internal_box=\box50
\g__pdf_backend_object_int=\count196
\l__pdf_backend_content_box=\box51
\l__pdf_backend_model_box=\box52
\g__pdf_backend_annotation_int=\count197
\g__pdf_backend_link_int=\count198
\g__pdf_backend_link_sf_int=\count199
))
Package: xparse 2022-01-12 L3 Experimental document command parser
)
(/usr/local/texlive/2022/texmf-dist/tex/latex/environ/environ.sty
Package: environ 2014/05/04 v0.3 A new way to define environments

(/usr/local/texlive/2022/texmf-dist/tex/latex/trimspaces/trimspaces.sty
Package: trimspaces 2009/09/17 v1.1 Trim spaces around a token list
)
\@envbody=\toks19
)
\FP@margin=\skip58
\c@professorCnt=\count266
\c@assistantCnt=\count267
\c@cnt=\count268
)
(./teoria.sty
Package: teoria 2015/03/25 Beta 0.1 Paquete para auxiliares de teoria
 (/usr/local/texlive/2022/texmf-dist/tex/latex/amsmath/amsmath.sty
Package: amsmath 2021/10/15 v2.17l AMS math features
\@mathmargin=\skip59
For additional information on amsmath, use the `?' option.
(/usr/local/texlive/2022/texmf-dist/tex/latex/amsmath/amstext.sty
Package: amstext 2021/08/26 v2.01 AMS text

(/usr/local/texlive/2022/texmf-dist/tex/latex/amsmath/amsgen.sty
File: amsgen.sty 1999/11/30 v2.0 generic functions
\@emptytoks=\toks20
\ex@=\dimen149
))
(/usr/local/texlive/2022/texmf-dist/tex/latex/amsmath/amsbsy.sty
Package: amsbsy 1999/11/29 v1.2d Bold Symbols
\pmbraise@=\dimen150
)
(/usr/local/texlive/2022/texmf-dist/tex/latex/amsmath/amsopn.sty
Package: amsopn 2021/08/26 v2.02 operator names
)
\inf@bad=\count269
LaTeX Info: Redefining \frac on input line 234.
\uproot@=\count270
\leftroot@=\count271
LaTeX Info: Redefining \overline on input line 399.
\classnum@=\count272
\DOTSCASE@=\count273
LaTeX Info: Redefining \ldots on input line 496.
LaTeX Info: Redefining \dots on input line 499.
LaTeX Info: Redefining \cdots on input line 620.
\Mathstrutbox@=\box53
\strutbox@=\box54
\big@size=\dimen151
LaTeX Font Info:    Redeclaring font encoding OML on input line 743.
LaTeX Font Info:    Redeclaring font encoding OMS on input line 744.
\macc@depth=\count274
\c@MaxMatrixCols=\count275
\dotsspace@=\muskip16
\c@parentequation=\count276
\dspbrk@lvl=\count277
\tag@help=\toks21
\row@=\count278
\column@=\count279
\maxfields@=\count280
\andhelp@=\toks22
\eqnshift@=\dimen152
\alignsep@=\dimen153
\tagshift@=\dimen154
\tagwidth@=\dimen155
\totwidth@=\dimen156
\lineht@=\dimen157
\@envbody=\toks23
\multlinegap=\skip60
\multlinetaggap=\skip61
\mathdisplay@stack=\toks24
LaTeX Info: Redefining \[ on input line 2938.
LaTeX Info: Redefining \] on input line 2939.
)
(/usr/local/texlive/2022/texmf-dist/tex/latex/amsfonts/amsfonts.sty
Package: amsfonts 2013/01/14 v3.01 Basic AMSFonts support
\symAMSa=\mathgroup4
\symAMSb=\mathgroup5
LaTeX Font Info:    Redeclaring math symbol \hbar on input line 98.
LaTeX Font Info:    Overwriting math alphabet `\mathfrak' in version `bold'
(Font)                  U/euf/m/n --> U/euf/b/n on input line 106.
)
(/usr/local/texlive/2022/texmf-dist/tex/latex/amsfonts/amssymb.sty
Package: amssymb 2013/01/14 v3.01 AMS font symbols
)
(/usr/local/texlive/2022/texmf-dist/tex/generic/vaucanson-g/vaucanson-g.sty
Package: vaucanson-g 2008/10/27 package wrapper for VauCanSon-G v. 0.4

(/usr/local/texlive/2022/texmf-dist/tex/latex/xcolor/xcolor.sty
Package: xcolor 2021/10/31 v2.13 LaTeX color extensions (UK)

(/usr/local/texlive/2022/texmf-dist/tex/latex/graphics-cfg/color.cfg
File: color.cfg 2016/01/02 v1.6 sample color configuration
)
Package xcolor Info: Package option `pst' ignored on input line 218.
Package xcolor Info: Driver file: dvips.def on input line 227.
Package xcolor Info: Model `cmy' substituted by `cmy0' on input line 1352.
Package xcolor Info: Model `RGB' extended on input line 1368.
Package xcolor Info: Model `HTML' substituted by `rgb' on input line 1370.
Package xcolor Info: Model `Hsb' substituted by `hsb' on input line 1371.
Package xcolor Info: Model `tHsb' substituted by `hsb' on input line 1372.
Package xcolor Info: Model `HSB' substituted by `hsb' on input line 1373.
Package xcolor Info: Model `Gray' substituted by `gray' on input line 1374.
Package xcolor Info: Model `wave' substituted by `hsb' on input line 1375.
)
(/usr/local/texlive/2022/texmf-dist/tex/generic/vaucanson-g/VCColor-names.def)
(/usr/local/texlive/2022/texmf-dist/tex/latex/pstricks/pstricks.sty
Package: pstricks 2021/08/23 v0.71 LaTeX wrapper for `PSTricks' (RN,HV)

(/usr/local/texlive/2022/texmf-dist/tex/generic/xkeyval/pst-xkey.tex
File: pst-xkey.tex 2005/11/25 v1.6 PSTricks specialization of xkeyval (HA)

(/usr/local/texlive/2022/texmf-dist/tex/latex/xkeyval/xkeyval.sty
Package: xkeyval 2020/11/20 v2.8 package option processing (HA)

(/usr/local/texlive/2022/texmf-dist/tex/generic/xkeyval/xkeyval.tex
(/usr/local/texlive/2022/texmf-dist/tex/generic/xkeyval/xkvutils.tex
\XKV@toks=\toks25
\XKV@tempa@toks=\toks26
)
\XKV@depth=\count281
File: xkeyval.tex 2014/12/03 v2.7a key=value parser (HA)
)))
(/usr/local/texlive/2022/texmf-dist/tex/generic/pstricks/pstricks.tex
(/usr/local/texlive/2022/texmf-dist/tex/generic/pstricks/pst-fp.tex
`pst-fp' v0.06, 2020/11/20 (hv)
\pstFP@xs=\count282
\pstFP@xia=\count283
\pstFP@xib=\count284
\pstFP@xfa=\count285
\pstFP@xfb=\count286
\pstFP@rega=\count287
\pstFP@regb=\count288
\pstFP@regs=\count289
\pstFP@times=\count290
)
(/usr/local/texlive/2022/texmf-dist/tex/generic/pgf/utilities/pgfutil-common.te
x
\pgfutil@everybye=\toks27
\pgfutil@tempdima=\dimen158
\pgfutil@tempdimb=\dimen159

(/usr/local/texlive/2022/texmf-dist/tex/generic/pgf/utilities/pgfutil-common-li
sts.tex))
(/usr/local/texlive/2022/texmf-dist/tex/generic/pgf/utilities/pgfkeys.code.tex
\pgfkeys@pathtoks=\toks28
\pgfkeys@temptoks=\toks29

(/usr/local/texlive/2022/texmf-dist/tex/generic/pgf/utilities/pgfkeysfiltered.c
ode.tex
\pgfkeys@tmptoks=\toks30
))
(/usr/local/texlive/2022/texmf-dist/tex/generic/pgf/utilities/pgffor.code.tex
Loading pgffor.code.tex
(/usr/local/texlive/2022/texmf-dist/tex/generic/pgf/math/pgfmath.code.tex
(/usr/local/texlive/2022/texmf-dist/tex/generic/pgf/math/pgfmathcalc.code.tex
(/usr/local/texlive/2022/texmf-dist/tex/generic/pgf/math/pgfmathutil.code.tex
\pgf@x=\dimen160
\pgf@xa=\dimen161
\pgf@xb=\dimen162
\pgf@xc=\dimen163
\pgf@y=\dimen164
\pgf@ya=\dimen165
\pgf@yb=\dimen166
\pgf@yc=\dimen167
\c@pgf@counta=\count291
\c@pgf@countb=\count292
\c@pgf@countc=\count293
\c@pgf@countd=\count294
\pgfutil@tempcnta=\count295
\pgfutil@tempcntb=\count296
)
(/usr/local/texlive/2022/texmf-dist/tex/generic/pgf/math/pgfmathparser.code.tex
\pgfmath@dimen=\dimen168
\pgfmath@count=\count297
\pgfmath@box=\box55
\pgfmath@toks=\toks31
\pgfmath@stack@operand=\toks32
\pgfmath@stack@operation=\toks33
)
(/usr/local/texlive/2022/texmf-dist/tex/generic/pgf/math/pgfmathfunctions.code.
tex
(/usr/local/texlive/2022/texmf-dist/tex/generic/pgf/math/pgfmathfunctions.basic
.code.tex)
(/usr/local/texlive/2022/texmf-dist/tex/generic/pgf/math/pgfmathfunctions.trigo
nometric.code.tex)
(/usr/local/texlive/2022/texmf-dist/tex/generic/pgf/math/pgfmathfunctions.rando
m.code.tex)
(/usr/local/texlive/2022/texmf-dist/tex/generic/pgf/math/pgfmathfunctions.compa
rison.code.tex)
(/usr/local/texlive/2022/texmf-dist/tex/generic/pgf/math/pgfmathfunctions.base.
code.tex)
(/usr/local/texlive/2022/texmf-dist/tex/generic/pgf/math/pgfmathfunctions.round
.code.tex)
(/usr/local/texlive/2022/texmf-dist/tex/generic/pgf/math/pgfmathfunctions.misc.
code.tex)
(/usr/local/texlive/2022/texmf-dist/tex/generic/pgf/math/pgfmathfunctions.integ
erarithmetics.code.tex)))
(/usr/local/texlive/2022/texmf-dist/tex/generic/pgf/math/pgfmathfloat.code.tex
\c@pgfmathroundto@lastzeros=\count298
))
\pgffor@iter=\dimen169
\pgffor@skip=\dimen170
\pgffor@stack=\toks34
\pgffor@toks=\toks35
)
\psLoopIndex=\count299

`PSTricks' v3.13  <2022/01/09> (tvz,hv)
\pst@dima=\dimen171
\pst@dimb=\dimen172
\pst@dimc=\dimen173
\pst@dimd=\dimen174
\pst@dimg=\dimen175
\pst@dimh=\dimen176
\pst@dimm=\dimen177
\pst@dimn=\dimen178
\pst@dimo=\dimen179
\pst@dimp=\dimen180
\pst@hbox=\box56
\pst@ibox=\box57
\pst@boxg=\box58
\pst@cnta=\count300
\pst@cntb=\count301
\pst@cntc=\count302
\pst@cntd=\count303
\pst@cntg=\count304
\pst@cnth=\count305
\pst@cntm=\count306
\pst@cntn=\count307
\pst@cnto=\count308
\pst@cntp=\count309
\@zero=\count310
\pst@toks=\toks36
--- We are running latex or xelatex ---
(/usr/local/texlive/2022/texmf-dist/tex/generic/pstricks/pstricks.con)
(/usr/local/texlive/2022/texmf-dist/tex/generic/pstricks/pstricks-color.tex)
\psunit=\dimen181
\psxunit=\dimen182
\psyunit=\dimen183
\pst@C@@rType=\count311
\pslinewidth=\dimen184
\psk@startLW=\dimen185
\psk@endLW=\dimen186

(/usr/local/texlive/2022/texmf-dist/tex/generic/pstricks/pstricks-arrows.tex
\pshooklength=\dimen187
\pshookwidth=\dimen188
)
\pst@customdefs=\toks37

(/usr/local/texlive/2022/texmf-dist/tex/generic/pstricks/pstricks-dots.tex)
\pslinearc=\dimen189
\pst@symbolStep=\dimen190
\pst@symbolWidth=\dimen191
\pst@symbolLinewidth=\dimen192
\everypsbox=\toks38
\psframesep=\dimen193
\pslabelsep=\dimen194
\sh@wgridXunit=\dimen195
\sh@wgridYunit=\dimen196
\pst@shift=\dimen197
\ps@imagectr=\count312

(/usr/local/texlive/2022/texmf-dist/tex/generic/pstricks/pstricks.con))
File: pstricks.tex 2022/01/09 v3.13 `PSTricks' (tvz,hv)

(/usr/local/texlive/2022/texmf-dist/tex/generic/pstricks/pst-fp.tex
`pst-fp' v0.06, 2020/11/20 (hv))
File: pst-fp.tex 2020/11/20 v0.06 `PST-fp' (hv)
)
(/usr/local/texlive/2022/texmf-dist/tex/latex/pst-node/pst-node.sty
Package: pst-node 2012/09/18 v1.01 LaTeX wrapper for `pst-node' (HV)
Package: pst-node 2010/04/22 package wrapper for pst-node.tex

(/usr/local/texlive/2022/texmf-dist/tex/generic/pst-node/pst-node.tex
 v1.43, 2022/01/31
\psrow=\count313
\pscol=\count314
\psmatrixcnt=\count315
\psrowsep=\skip62
\pscolsep=\skip63
\pst@args=\count316
\num@pts=\count317
\pst@argcnt=\count318
)
File: pst-node.tex 2022/01/31 1.43 `pst-node' (tvz,hv)
)
(/usr/local/texlive/2022/texmf-dist/tex/latex/pst-plot/pst-plot.sty
Package: pst-plot 2011/06/05 v1.00 LaTeX wrapper for `pst-plot' (HV)

(/usr/local/texlive/2022/texmf-dist/tex/latex/xkeyval/pst-xkey.sty
Package: pst-xkey 2005/11/25 v1.6 package wrapper for pst-xkey.tex (HA)
)
(/usr/local/texlive/2022/texmf-dist/tex/latex/multido/multido.sty
Package: multido 2004/05/17 package wrapper for PSTricks `multido.tex', (HV/RN)


(/usr/local/texlive/2022/texmf-dist/tex/generic/multido/multido.tex
 v1.42, 2010/05/14 <tvz>
\multido@count=\count319
\multidocount=\count320
\multido@stuff=\toks39
)
File: multido.tex 2010/05/14 v1.42 `multido' (tvz,hv)
)
Package: pst-plot 2021/09/23 package wrapper for pst-plot.tex (hv)

(/usr/local/texlive/2022/texmf-dist/tex/generic/pst-plot/pst-plot.tex
(/usr/local/texlive/2022/texmf-dist/tex/generic/pst-tools/pst-tools.tex
`PST-tools' v0.12, 2021/09/23 (hv)
\randomi=\count321
\ranval=\count322
)
(/usr/local/texlive/2022/texmf-dist/tex/generic/pstricks-add/pstricks-add.tex
(/usr/local/texlive/2022/texmf-dist/tex/generic/pst-arrow/pst-arrow.tex
`pst-arrow' v0.05, 2021/11/16 (dr,hv))
(/usr/local/texlive/2022/texmf-dist/tex/generic/pst-3d/pst-3d.tex
`PST-3d' v1.11, 2010/02/14 (tvz))
(/usr/local/texlive/2022/texmf-dist/tex/generic/pst-math/pst-math.tex
`pst-math' v0.64 , (CJ,hv)) `pstricks-add' v3.92, 2021/12/25 (dr,hv)
\psparallelogramsep=\dimen198
\pst@cntC=\count323
\pst@stepcount=\count324
\chart@ColorIndex=\dimen199
\chart@ColorStep=\dimen256
\pst@chartHeight=\dimen257
\pst@chartStackDepth=\dimen258
\pst@chartStackWidth=\dimen259
\chart@Toggle=\count325
\psVectorCtr=\count326
)
 v1.93, 2021/09/23 (tvz,hv)
\pstRadUnit=\dimen260
\pstRadUnitInv=\dimen261
\pst@linecnt=\count327
\RCD@file=\read2
\psxlabelsep=\dimen262
\psylabelsep=\dimen263
\psk@subticksize=\dimen264
\pst@xticksizeA=\dimen265
\pst@xticksizeB=\dimen266
\pst@xticksizeC=\dimen267
\pst@yticksizeA=\dimen268
\pst@yticksizeB=\dimen269
\pst@yticksizeC=\dimen270
\@digitcounter=\count328
\psk@llx=\dimen271
\psk@lly=\dimen272
\psk@urx=\dimen273
\psk@ury=\dimen274
\pst@xunit=\dimen275
\pst@yunit=\dimen276
)
File: pst-plot.tex 2021/09/23 1.93 `pst-plot' (tvz,hv)
)
(/usr/local/texlive/2022/texmf-dist/tex/latex/pst-coil/pst-coil.sty
Package: pst-coil 2010/02/01 package wrapper for pst-coil.tex (hv)

(/usr/local/texlive/2022/texmf-dist/tex/generic/pst-coil/pst-coil.tex
 v1.93, 2021/09/23
(/usr/local/texlive/2022/texmf-dist/tex/generic/pst-node/pst-node.tex))
File: pst-coil.tex 2015/05/13 v1.07 `PST-coil' (tvz,hv)
)
(/usr/local/texlive/2022/texmf-dist/tex/latex/pst-3d/pst-3d.sty
Package: pst-3d 2009/07/28 package wrapper for pst-3d.tex (hv)

(/usr/local/texlive/2022/texmf-dist/tex/generic/pst-3d/pst-3d.tex)
File: pst-3d.tex 2015/05/13 v1.07 `PST-3d' (hv)
)
(/usr/local/texlive/2022/texmf-dist/tex/latex/tools/calc.sty
Package: calc 2017/05/25 v4.3 Infix arithmetic (KKT,FJ)
\calc@Acount=\count329
\calc@Bcount=\count330
\calc@Adimen=\dimen277
\calc@Bdimen=\dimen278
\calc@Askip=\skip64
\calc@Bskip=\skip65
LaTeX Info: Redefining \setlength on input line 80.
LaTeX Info: Redefining \addtolength on input line 81.
\calc@Ccount=\count331
\calc@Cskip=\skip66
)
(/usr/local/texlive/2022/texmf-dist/tex/generic/vaucanson-g/Vaucanson-G.tex
\MediumStateDiameter=\skip67
\SmallStateDiameter=\skip68
\LargeStateDiameter=\skip69
\VerySmallStateDiameter=\skip70
\StateLineWidth=\skip71
\EdgeLineWidth=\skip72
\EdgeArrowWidth=\skip73
\EdgeDblArrowWidth=\skip74
\ZZSize=\skip75
\EdgeOffset=\skip76
\EdgeNodeSep=\skip77
\VaucArcOffset=\skip78
\LoopOffset=\skip79
\LoopVarOffset=\skip80
\TransLabelSep=\skip81
\VertShiftH=\skip82
LaTeX Font Info:    Trying to load font information for U+msa on input line 206
.

(/usr/local/texlive/2022/texmf-dist/tex/latex/amsfonts/umsa.fd
File: umsa.fd 2013/01/14 v3.01 AMS symbols A
)
LaTeX Font Info:    Trying to load font information for U+msb on input line 206
.

(/usr/local/texlive/2022/texmf-dist/tex/latex/amsfonts/umsb.fd
File: umsb.fd 2013/01/14 v3.01 AMS symbols B
)
\VertShiftD=\skip83
\VertShift=\skip84
\StateLineWid=\skip85
\StateDiam=\skip86
\VaucAOS=\skip87
\VaucAOSdiag=\skip88
\VariableStateIntDiam=\skip89
\VariableStateWidth=\skip90
\VariableStateITPos=\skip91
\ExtraSpace=\skip92
\EdgeLineWid=\skip93
\EdgeArrowSZDim=\skip94
\EdgeLineBord=\skip95
\ZZSiZ=\skip96
\EdgeOff=\skip97
\VaucArcOff=\skip98
\LoopOff=\skip99
\LoopVarOff=\skip100
\EdgeNodeSP=\skip101
\TransLabelSP=\skip102
\c@anglea=\count332
\c@angleb=\count333
)
\VaucMinHeight=\skip103
\VaucMaxHeight=\skip104

(/usr/local/texlive/2022/texmf-dist/tex/generic/vaucanson-g/VCPref-default.tex)
)) (/usr/local/texlive/2022/texmf-dist/tex/latex/minted/minted.sty
Package: minted 2021/12/24 v2.6 Yet another Pygments shim for LaTeX

(/usr/local/texlive/2022/texmf-dist/tex/latex/kvoptions/kvoptions.sty
Package: kvoptions 2020-10-07 v3.14 Key value format for package options (HO)

(/usr/local/texlive/2022/texmf-dist/tex/generic/ltxcmds/ltxcmds.sty
Package: ltxcmds 2020-05-10 v1.25 LaTeX kernel commands for general use (HO)
)
(/usr/local/texlive/2022/texmf-dist/tex/generic/kvsetkeys/kvsetkeys.sty
Package: kvsetkeys 2019/12/15 v1.18 Key value parser (HO)
))
(/usr/local/texlive/2022/texmf-dist/tex/latex/fvextra/fvextra.sty
Package: fvextra 2019/02/04 v1.4 fvextra - extensions and patches for fancyvrb

(/usr/local/texlive/2022/texmf-dist/tex/latex/etoolbox/etoolbox.sty
Package: etoolbox 2020/10/05 v2.5k e-TeX tools for LaTeX (JAW)
\etb@tempcnta=\count334
)
(/usr/local/texlive/2022/texmf-dist/tex/latex/fancyvrb/fancyvrb.sty
Package: fancyvrb 2021/12/21 4.1b verbatim text (tvz,hv)
\FV@CodeLineNo=\count335
\FV@InFile=\read3
\FV@TabBox=\box59
\c@FancyVerbLine=\count336
\FV@StepNumber=\count337
\FV@OutFile=\write3
)
(/usr/local/texlive/2022/texmf-dist/tex/latex/upquote/upquote.sty
Package: upquote 2012/04/19 v1.3 upright-quote and grave-accent glyphs in verba
tim
)
(/usr/local/texlive/2022/texmf-dist/tex/latex/lineno/lineno.sty
Package: lineno 2005/11/02 line numbers on paragraphs v4.41
\linenopenalty=\count338
\output=\toks40
\linenoprevgraf=\count339
\linenumbersep=\dimen279
\linenumberwidth=\dimen280
\c@linenumber=\count340
\c@pagewiselinenumber=\count341
\c@LN@truepage=\count342
\c@internallinenumber=\count343
\c@internallinenumbers=\count344
\quotelinenumbersep=\dimen281
\bframerule=\dimen282
\bframesep=\dimen283
\bframebox=\box60
LaTeX Info: Redefining \\ on input line 3056.
)
\c@FV@TrueTabGroupLevel=\count345
\c@FV@TrueTabCounter=\count346
\FV@TabBox@Group=\box61
\FV@TmpLength=\skip105
\c@FV@HighlightLinesStart=\count347
\c@FV@HighlightLinesStop=\count348
\FV@LoopCount=\count349
\FV@NCharsBox=\box62
\FV@BreakIndent=\dimen284
\FV@BreakIndentNChars=\count350
\FV@BreakSymbolSepLeft=\dimen285
\FV@BreakSymbolSepLeftNChars=\count351
\FV@BreakSymbolSepRight=\dimen286
\FV@BreakSymbolSepRightNChars=\count352
\FV@BreakSymbolIndentLeft=\dimen287
\FV@BreakSymbolIndentLeftNChars=\count353
\FV@BreakSymbolIndentRight=\dimen288
\FV@BreakSymbolIndentRightNChars=\count354
\c@FancyVerbLineBreakLast=\count355
\FV@LineBox=\box63
\FV@LineIndentBox=\box64
\FV@LineWidth=\dimen289
)
(/usr/local/texlive/2022/texmf-dist/tex/latex/tools/shellesc.sty
Package: shellesc 2019/11/08 v1.0c unified shell escape interface for LaTeX
Package shellesc Info: Unrestricted shell escape enabled on input line 75.
)
(/usr/local/texlive/2022/texmf-dist/tex/latex/ifplatform/ifplatform.sty
Package: ifplatform 2017/10/13 v0.4a Testing for the operating system

(/usr/local/texlive/2022/texmf-dist/tex/generic/pdftexcmds/pdftexcmds.sty
Package: pdftexcmds 2020-06-27 v0.33 Utility functions of pdfTeX for LuaTeX (HO
)

(/usr/local/texlive/2022/texmf-dist/tex/generic/infwarerr/infwarerr.sty
Package: infwarerr 2019/12/03 v1.5 Providing info/warning/error messages (HO)
)
Package pdftexcmds Info: \pdf@primitive is available.
Package pdftexcmds Info: \pdf@ifprimitive is available.
Package pdftexcmds Info: \pdfdraftmode is ignored in DVI mode.
)
(/usr/local/texlive/2022/texmf-dist/tex/generic/catchfile/catchfile.sty
Package: catchfile 2019/12/09 v1.8 Catch the contents of a file (HO)

(/usr/local/texlive/2022/texmf-dist/tex/generic/etexcmds/etexcmds.sty
Package: etexcmds 2019/12/15 v1.7 Avoid name clashes with e-TeX commands (HO)
))
(/usr/local/texlive/2022/texmf-dist/tex/generic/iftex/ifluatex.sty
Package: ifluatex 2019/10/25 v1.5 ifluatex legacy package. Use iftex instead.
)
runsystem(uname -s > "Auxiliar7.w18")...executed.


(./Auxiliar7.w18)
runsystem(rm -- "Auxiliar7.w18")...executed.

)
(/usr/local/texlive/2022/texmf-dist/tex/generic/xstring/xstring.sty
(/usr/local/texlive/2022/texmf-dist/tex/generic/xstring/xstring.tex
\integerpart=\count356
\decimalpart=\count357
)
Package: xstring 2021/07/21 v1.84 String manipulations (CT)
)
(/usr/local/texlive/2022/texmf-dist/tex/latex/framed/framed.sty
Package: framed 2011/10/22 v 0.96: framed or shaded text with page breaks
\OuterFrameSep=\skip106
\fb@frw=\dimen290
\fb@frh=\dimen291
\FrameRule=\dimen292
\FrameSep=\dimen293
)
(/usr/local/texlive/2022/texmf-dist/tex/latex/float/float.sty
Package: float 2001/11/08 v1.3d Float enhancements (AL)
\c@float@type=\count358
\float@exts=\toks41
\float@box=\box65
\@float@everytoks=\toks42
\@floatcapt=\box66
)
\minted@appexistsfile=\read4
\minted@bgbox=\box67
\minted@code=\write4
\c@minted@FancyVerbLineTemp=\count359
\c@minted@pygmentizecounter=\count360
\@float@every@listing=\toks43
\c@listing=\count361
)
runsystem(mkdir -p _minted-Auxiliar7)...executed.


(/usr/local/texlive/2022/texmf-dist/tex/latex/base/inputenc.sty
Package: inputenc 2021/02/14 v1.3d Input encoding file
\inpenc@prehook=\toks44
\inpenc@posthook=\toks45
)
runsystem(which pygmentize && touch Auxiliar7.aex)...executed.

runsystem(rm Auxiliar7.aex)...executed.


No file Auxiliar7.aux.
\openout1 = `Auxiliar7.aux'.

LaTeX Font Info:    Checking defaults for OML/cmm/m/it on input line 20.
LaTeX Font Info:    ... okay on input line 20.
LaTeX Font Info:    Checking defaults for OMS/cmsy/m/n on input line 20.
LaTeX Font Info:    ... okay on input line 20.
LaTeX Font Info:    Checking defaults for OT1/cmr/m/n on input line 20.
LaTeX Font Info:    ... okay on input line 20.
LaTeX Font Info:    Checking defaults for T1/cmr/m/n on input line 20.
LaTeX Font Info:    ... okay on input line 20.
LaTeX Font Info:    Checking defaults for TS1/cmr/m/n on input line 20.
LaTeX Font Info:    ... okay on input line 20.
LaTeX Font Info:    Checking defaults for OMX/cmex/m/n on input line 20.
LaTeX Font Info:    ... okay on input line 20.
LaTeX Font Info:    Checking defaults for U/cmr/m/n on input line 20.
LaTeX Font Info:    ... okay on input line 20.
*geometry* driver: auto-detecting
*geometry* detected driver: dvips
*geometry* verbose mode - [ preamble ] result:
* driver: dvips
* paper: letterpaper
* layout: <same size as paper>
* layoutoffset:(h,v)=(0.0pt,0.0pt)
* modes: 
* h-part:(L,W,R)=(92.14519pt, 430.00462pt, 92.14519pt)
* v-part:(T,H,B)=(95.39737pt, 556.47656pt, 143.09605pt)
* \paperwidth=614.295pt
* \paperheight=794.96999pt
* \textwidth=469.75502pt
* \textheight=556.47656pt
* \oddsidemargin=0.0pt
* \evensidemargin=0.0pt
* \topmargin=-13.87262pt
* \headheight=49.27512pt
* \headsep=25.0pt
* \topskip=11.0pt
* \footskip=30.0pt
* \marginparwidth=59.0pt
* \marginparsep=10.0pt
* \columnsep=10.0pt
* \skip\footins=10.0pt plus 4.0pt minus 2.0pt
* \hoffset=0.0pt
* \voffset=0.0pt
* \mag=1000
* \@twocolumnfalse
* \@twosidefalse
* \@mparswitchfalse
* \@reversemarginfalse
* (1in=72.27pt=25.4mm, 1cm=28.453pt)

File: logos/fcfm_dcc.eps Graphic file (type eps)
<logos/fcfm_dcc.eps>

Package fancyhdr Warning: \headheight is too small (49.27512pt): 
(fancyhdr)                Make it at least 52.0091pt, for example:
(fancyhdr)                \setlength{\headheight}{52.0091pt}.
(fancyhdr)                You might also make \topmargin smaller to compensate:

(fancyhdr)                \addtolength{\topmargin}{-2.73398pt}.

[1

] (./Auxiliar7.aux) ) 
Here is how much of TeX's memory you used:
 16974 strings out of 478269
 313808 string characters out of 5846373
 710918 words of memory out of 5000000
 34886 multiletter control sequences out of 15000+600000
 479173 words of font info for 68 fonts, out of 8000000 for 9000
 1141 hyphenation exceptions out of 8191
 80i,13n,99p,590b,437s stack positions out of 10000i,1000n,20000p,200000b,200000s

Output written on Auxiliar7.dvi (1 page, 3904 bytes).
